<?xml version="1.0" encoding="UTF-8"?>
<!-- Generated by org.testng.reporters.JUnitXMLReporter -->
<testsuite ignored="0" hostname="DESKTOP-VJ6HG9K" failures="0" tests="4" name="ParallelTest" time="18.367" errors="0" timestamp="2024-12-31T00:54:47 GMT+08:00">
  <testcase classname="testcase.TC_002_LogoutPage" name="runLogOut" time="1.812"/>
  <testcase classname="testcase.TC_001_LoginPage" name="runLoginData" time="2.421"/>
  <testcase classname="testcase.TC_002_LogoutPage" name="runLogOut" time="1.14"/>
  <testcase classname="testcase.TC_001_LoginPage" name="runLoginData" time="2.658"/>
</testsuite> <!-- ParallelTest -->
