<?xml version="1.0" encoding="UTF-8"?>
<testng-results ignored="0" total="4" passed="4" failed="0" skipped="0">
  <reporter-output>
  </reporter-output>
  <suite started-at="2024-12-31T00:54:29 GMT+08:00" name="ParallelSuite" finished-at="2024-12-31T00:54:47 GMT+08:00" duration-ms="18367">
    <groups>
    </groups>
    <test started-at="2024-12-31T00:54:29 GMT+08:00" name="ParallelTest" finished-at="2024-12-31T00:54:47 GMT+08:00" duration-ms="18367">
      <class name="testcase.TC_001_LoginPage">
        <test-method is-config="true" signature="setValue()[pri:0, instance:testcase.TC_001_LoginPage@6a78afa0]" started-at="2024-12-31T00:54:29 GMT+08:00" name="setValue" finished-at="2024-12-31T00:54:29 GMT+08:00" duration-ms="9" status="PASS">
          <reporter-output>
          </reporter-output>
        </test-method> <!-- setValue -->
        <test-method is-config="true" signature="preCondition()[pri:0, instance:testcase.TC_001_LoginPage@6a78afa0]" started-at="2024-12-31T00:54:29 GMT+08:00" name="preCondition" finished-at="2024-12-31T00:54:36 GMT+08:00" duration-ms="6774" status="PASS">
          <reporter-output>
          </reporter-output>
        </test-method> <!-- preCondition -->
        <test-method signature="runLoginData(java.lang.String,java.lang.String)[pri:0, instance:testcase.TC_001_LoginPage@6a78afa0]" started-at="2024-12-31T00:54:36 GMT+08:00" name="runLoginData" data-provider="getData" finished-at="2024-12-31T00:54:39 GMT+08:00" duration-ms="2421" status="PASS">
          <params>
            <param index="0">
              <value>
                <![CDATA[DemoSalesManager]]>
              </value>
            </param>
            <param index="1">
              <value>
                <![CDATA[crmsfa]]>
              </value>
            </param>
          </params>
          <reporter-output>
          </reporter-output>
        </test-method> <!-- runLoginData -->
        <test-method is-config="true" signature="postCondition()[pri:0, instance:testcase.TC_001_LoginPage@6a78afa0]" started-at="2024-12-31T00:54:39 GMT+08:00" name="postCondition" finished-at="2024-12-31T00:54:39 GMT+08:00" duration-ms="386" status="PASS">
          <reporter-output>
          </reporter-output>
        </test-method> <!-- postCondition -->
        <test-method is-config="true" signature="preCondition()[pri:0, instance:testcase.TC_001_LoginPage@6a78afa0]" started-at="2024-12-31T00:54:39 GMT+08:00" name="preCondition" finished-at="2024-12-31T00:54:44 GMT+08:00" duration-ms="5074" status="PASS">
          <reporter-output>
          </reporter-output>
        </test-method> <!-- preCondition -->
        <test-method signature="runLoginData(java.lang.String,java.lang.String)[pri:0, instance:testcase.TC_001_LoginPage@6a78afa0]" started-at="2024-12-31T00:54:44 GMT+08:00" name="runLoginData" data-provider="getData" finished-at="2024-12-31T00:54:47 GMT+08:00" duration-ms="2658" status="PASS">
          <params>
            <param index="0">
              <value>
                <![CDATA[DemoCsr]]>
              </value>
            </param>
            <param index="1">
              <value>
                <![CDATA[crmsfa]]>
              </value>
            </param>
          </params>
          <reporter-output>
          </reporter-output>
        </test-method> <!-- runLoginData -->
        <test-method is-config="true" signature="postCondition()[pri:0, instance:testcase.TC_001_LoginPage@6a78afa0]" started-at="2024-12-31T00:54:47 GMT+08:00" name="postCondition" finished-at="2024-12-31T00:54:47 GMT+08:00" duration-ms="129" status="PASS">
          <reporter-output>
          </reporter-output>
        </test-method> <!-- postCondition -->
      </class> <!-- testcase.TC_001_LoginPage -->
      <class name="testcase.TC_002_LogoutPage">
        <test-method is-config="true" signature="setValue()[pri:0, instance:testcase.TC_002_LogoutPage@7dcf94f8]" started-at="2024-12-31T00:54:29 GMT+08:00" name="setValue" finished-at="2024-12-31T00:54:29 GMT+08:00" duration-ms="0" status="PASS">
          <reporter-output>
          </reporter-output>
        </test-method> <!-- setValue -->
        <test-method is-config="true" signature="preCondition()[pri:0, instance:testcase.TC_002_LogoutPage@7dcf94f8]" started-at="2024-12-31T00:54:29 GMT+08:00" name="preCondition" finished-at="2024-12-31T00:54:36 GMT+08:00" duration-ms="6615" status="PASS">
          <reporter-output>
          </reporter-output>
        </test-method> <!-- preCondition -->
        <test-method signature="runLogOut(java.lang.String,java.lang.String)[pri:0, instance:testcase.TC_002_LogoutPage@7dcf94f8]" started-at="2024-12-31T00:54:36 GMT+08:00" name="runLogOut" data-provider="getData" finished-at="2024-12-31T00:54:38 GMT+08:00" duration-ms="1812" status="PASS">
          <params>
            <param index="0">
              <value>
                <![CDATA[DemoSalesManager]]>
              </value>
            </param>
            <param index="1">
              <value>
                <![CDATA[crmsfa]]>
              </value>
            </param>
          </params>
          <reporter-output>
          </reporter-output>
        </test-method> <!-- runLogOut -->
        <test-method is-config="true" signature="postCondition()[pri:0, instance:testcase.TC_002_LogoutPage@7dcf94f8]" started-at="2024-12-31T00:54:38 GMT+08:00" name="postCondition" finished-at="2024-12-31T00:54:38 GMT+08:00" duration-ms="115" status="PASS">
          <reporter-output>
          </reporter-output>
        </test-method> <!-- postCondition -->
        <test-method is-config="true" signature="preCondition()[pri:0, instance:testcase.TC_002_LogoutPage@7dcf94f8]" started-at="2024-12-31T00:54:38 GMT+08:00" name="preCondition" finished-at="2024-12-31T00:54:43 GMT+08:00" duration-ms="5212" status="PASS">
          <reporter-output>
          </reporter-output>
        </test-method> <!-- preCondition -->
        <test-method signature="runLogOut(java.lang.String,java.lang.String)[pri:0, instance:testcase.TC_002_LogoutPage@7dcf94f8]" started-at="2024-12-31T00:54:43 GMT+08:00" name="runLogOut" data-provider="getData" finished-at="2024-12-31T00:54:44 GMT+08:00" duration-ms="1140" status="PASS">
          <params>
            <param index="0">
              <value>
                <![CDATA[DemoCsr]]>
              </value>
            </param>
            <param index="1">
              <value>
                <![CDATA[crmsfa]]>
              </value>
            </param>
          </params>
          <reporter-output>
          </reporter-output>
        </test-method> <!-- runLogOut -->
        <test-method is-config="true" signature="postCondition()[pri:0, instance:testcase.TC_002_LogoutPage@7dcf94f8]" started-at="2024-12-31T00:54:44 GMT+08:00" name="postCondition" finished-at="2024-12-31T00:54:44 GMT+08:00" duration-ms="122" status="PASS">
          <reporter-output>
          </reporter-output>
        </test-method> <!-- postCondition -->
      </class> <!-- testcase.TC_002_LogoutPage -->
    </test> <!-- ParallelTest -->
  </suite> <!-- ParallelSuite -->
</testng-results>
